  [1m[35m (3.4ms)[0m  [1m[34mSELECT sqlite_version(*)[0m
  [1m[35m (0.1ms)[0m  [1m[34mSELECT sqlite_version(*)[0m
  [1m[35m (1.0ms)[0m  [1m[34mSELECT sqlite_version(*)[0m
  [1m[35m (1.8ms)[0m  [1m[35mCREATE TABLE "schema_migrations" ("version" varchar NOT NULL PRIMARY KEY)[0m
  [1m[35m (2.5ms)[0m  [1m[35mCREATE TABLE "ar_internal_metadata" ("key" varchar NOT NULL PRIMARY KEY, "value" varchar, "created_at" datetime(6) NOT NULL, "updated_at" datetime(6) NOT NULL)[0m
  [1m[35m (0.4ms)[0m  [1m[34mSELECT "schema_migrations"."version" FROM "schema_migrations" ORDER BY "schema_migrations"."version" ASC[0m
Migrating to CreateProjectsTable (20200618182012)
  [1m[35m (0.1ms)[0m  [1m[36mbegin transaction[0m
  [1m[35m (0.6ms)[0m  [1m[35mCREATE TABLE "projects_tables" ("id" integer PRIMARY KEY AUTOINCREMENT NOT NULL, "title" varchar, "description" varchar, "technologies" varchar, "img" varchar, "github" varchar, "heroku" varchar)[0m
  [1m[36mprimary::SchemaMigration Create (0.3ms)[0m  [1m[32mINSERT INTO "schema_migrations" ("version") VALUES (?)[0m  [["version", "20200618182012"]]
  [1m[35m (2.3ms)[0m  [1m[36mcommit transaction[0m
  [1m[36mActiveRecord::InternalMetadata Load (0.2ms)[0m  [1m[34mSELECT "ar_internal_metadata".* FROM "ar_internal_metadata" WHERE "ar_internal_metadata"."key" = ? LIMIT ?[0m  [["key", "environment"], ["LIMIT", 1]]
  [1m[35m (0.1ms)[0m  [1m[36mbegin transaction[0m
  [1m[36mActiveRecord::InternalMetadata Create (0.4ms)[0m  [1m[32mINSERT INTO "ar_internal_metadata" ("key", "value", "created_at", "updated_at") VALUES (?, ?, ?, ?)[0m  [["key", "environment"], ["value", "development"], ["created_at", "2020-06-18 18:20:41.996428"], ["updated_at", "2020-06-18 18:20:41.996428"]]
  [1m[35m (1.9ms)[0m  [1m[36mcommit transaction[0m
  [1m[35m (0.1ms)[0m  [1m[34mSELECT sqlite_version(*)[0m
  [1m[35m (0.2ms)[0m  [1m[34mSELECT "schema_migrations"."version" FROM "schema_migrations" ORDER BY "schema_migrations"."version" ASC[0m
  [1m[35m (0.5ms)[0m  [1m[34mSELECT sqlite_version(*)[0m
  [1m[35m (0.9ms)[0m  [1m[34mSELECT sqlite_version(*)[0m
  [1m[35m (0.2ms)[0m  [1m[34mSELECT "schema_migrations"."version" FROM "schema_migrations" ORDER BY "schema_migrations"."version" ASC[0m
  [1m[35m (0.2ms)[0m  [1m[34mSELECT "schema_migrations"."version" FROM "schema_migrations" ORDER BY "schema_migrations"."version" ASC[0m
  [1m[35m (0.2ms)[0m  [1m[34mSELECT "schema_migrations"."version" FROM "schema_migrations" ORDER BY "schema_migrations"."version" ASC[0m
  [1m[35m (0.1ms)[0m  [1m[34mSELECT "schema_migrations"."version" FROM "schema_migrations" ORDER BY "schema_migrations"."version" ASC[0m
Migrating to CreateProjectsTable (20200618182012)
  [1m[35m (0.1ms)[0m  [1m[36mbegin transaction[0m
  [1m[35m (0.5ms)[0m  [1m[35mDROP TABLE "projects"[0m
  [1m[35m (0.1ms)[0m  [1m[31mrollback transaction[0m
  [1m[35m (0.4ms)[0m  [1m[34mSELECT sqlite_version(*)[0m
  [1m[35m (0.1ms)[0m  [1m[34mSELECT "schema_migrations"."version" FROM "schema_migrations" ORDER BY "schema_migrations"."version" ASC[0m
  [1m[35m (0.1ms)[0m  [1m[34mSELECT "schema_migrations"."version" FROM "schema_migrations" ORDER BY "schema_migrations"."version" ASC[0m
  [1m[35m (0.1ms)[0m  [1m[34mSELECT "schema_migrations"."version" FROM "schema_migrations" ORDER BY "schema_migrations"."version" ASC[0m
  [1m[35m (0.1ms)[0m  [1m[34mSELECT "schema_migrations"."version" FROM "schema_migrations" ORDER BY "schema_migrations"."version" ASC[0m
Migrating to CreateProjectsTable (20200618182012)
  [1m[35m (0.1ms)[0m  [1m[36mbegin transaction[0m
  [1m[35m (0.5ms)[0m  [1m[35mDROP TABLE "projects_tables"[0m
  [1m[36mprimary::SchemaMigration Destroy (0.3ms)[0m  [1m[31mDELETE FROM "schema_migrations" WHERE "schema_migrations"."version" = ?[0m  [["version", "20200618182012"]]
  [1m[35m (1.8ms)[0m  [1m[36mcommit transaction[0m
  [1m[35m (0.1ms)[0m  [1m[34mSELECT sqlite_version(*)[0m
  [1m[35m (0.1ms)[0m  [1m[34mSELECT "schema_migrations"."version" FROM "schema_migrations" ORDER BY "schema_migrations"."version" ASC[0m
  [1m[35m (0.4ms)[0m  [1m[34mSELECT sqlite_version(*)[0m
  [1m[35m (0.1ms)[0m  [1m[34mSELECT "schema_migrations"."version" FROM "schema_migrations" ORDER BY "schema_migrations"."version" ASC[0m
Migrating to CreateProjectsTable (20200618182012)
  [1m[35m (0.1ms)[0m  [1m[36mbegin transaction[0m
  [1m[35m (0.8ms)[0m  [1m[35mCREATE TABLE "projects" ("id" integer PRIMARY KEY AUTOINCREMENT NOT NULL, "title" varchar, "description" varchar, "technologies" varchar, "img" varchar, "github" varchar, "heroku" varchar)[0m
  [1m[36mprimary::SchemaMigration Create (0.2ms)[0m  [1m[32mINSERT INTO "schema_migrations" ("version") VALUES (?)[0m  [["version", "20200618182012"]]
  [1m[35m (1.9ms)[0m  [1m[36mcommit transaction[0m
  [1m[36mActiveRecord::InternalMetadata Load (0.2ms)[0m  [1m[34mSELECT "ar_internal_metadata".* FROM "ar_internal_metadata" WHERE "ar_internal_metadata"."key" = ? LIMIT ?[0m  [["key", "environment"], ["LIMIT", 1]]
  [1m[35m (0.1ms)[0m  [1m[34mSELECT sqlite_version(*)[0m
  [1m[35m (0.2ms)[0m  [1m[34mSELECT "schema_migrations"."version" FROM "schema_migrations" ORDER BY "schema_migrations"."version" ASC[0m
  [1m[35m (0.5ms)[0m  [1m[34mSELECT sqlite_version(*)[0m
  [1m[36mProject Exists? (0.2ms)[0m  [1m[34mSELECT 1 AS one FROM "projects" WHERE "projects"."title" IS NULL LIMIT ?[0m  [["LIMIT", 1]]
  [1m[36mProject Exists? (0.3ms)[0m  [1m[34mSELECT 1 AS one FROM "projects" WHERE "projects"."title" = ? LIMIT ?[0m  [["title", "test"], ["LIMIT", 1]]
  [1m[36mProject Exists? (0.3ms)[0m  [1m[34mSELECT 1 AS one FROM "projects" WHERE "projects"."title" = ? LIMIT ?[0m  [["title", "test"], ["LIMIT", 1]]
  [1m[35m (1.1ms)[0m  [1m[34mSELECT sqlite_version(*)[0m
  [1m[35m (0.2ms)[0m  [1m[34mSELECT "schema_migrations"."version" FROM "schema_migrations" ORDER BY "schema_migrations"."version" ASC[0m
  [1m[35m (0.2ms)[0m  [1m[34mSELECT "schema_migrations"."version" FROM "schema_migrations" ORDER BY "schema_migrations"."version" ASC[0m
  [1m[35m (0.1ms)[0m  [1m[34mSELECT "schema_migrations"."version" FROM "schema_migrations" ORDER BY "schema_migrations"."version" ASC[0m
  [1m[35m (0.1ms)[0m  [1m[34mSELECT "schema_migrations"."version" FROM "schema_migrations" ORDER BY "schema_migrations"."version" ASC[0m
Migrating to CreateProjectsTable (20200618182012)
  [1m[35m (0.1ms)[0m  [1m[36mbegin transaction[0m
  [1m[35m (0.5ms)[0m  [1m[35mDROP TABLE "projects"[0m
  [1m[36mprimary::SchemaMigration Destroy (0.3ms)[0m  [1m[31mDELETE FROM "schema_migrations" WHERE "schema_migrations"."version" = ?[0m  [["version", "20200618182012"]]
  [1m[35m (6.1ms)[0m  [1m[36mcommit transaction[0m
  [1m[35m (0.1ms)[0m  [1m[34mSELECT sqlite_version(*)[0m
  [1m[35m (0.2ms)[0m  [1m[34mSELECT "schema_migrations"."version" FROM "schema_migrations" ORDER BY "schema_migrations"."version" ASC[0m
  [1m[35m (0.5ms)[0m  [1m[34mSELECT sqlite_version(*)[0m
  [1m[35m (0.1ms)[0m  [1m[34mSELECT "schema_migrations"."version" FROM "schema_migrations" ORDER BY "schema_migrations"."version" ASC[0m
Migrating to CreateProjectsTable (20200618182012)
  [1m[35m (0.1ms)[0m  [1m[36mbegin transaction[0m
  [1m[35m (0.7ms)[0m  [1m[35mCREATE TABLE "projects" ("id" integer PRIMARY KEY AUTOINCREMENT NOT NULL, "title" varchar, "description" varchar, "img" varchar, "github" varchar, "heroku" varchar)[0m
  [1m[36mprimary::SchemaMigration Create (0.3ms)[0m  [1m[32mINSERT INTO "schema_migrations" ("version") VALUES (?)[0m  [["version", "20200618182012"]]
  [1m[35m (1.2ms)[0m  [1m[36mcommit transaction[0m
Migrating to CreateTechnologies (20200618183123)
  [1m[35m (0.1ms)[0m  [1m[36mbegin transaction[0m
  [1m[35m (0.5ms)[0m  [1m[35mCREATE TABLE "technologies" ("id" integer PRIMARY KEY AUTOINCREMENT NOT NULL, "title" varchar, "project_id" varchar)[0m
  [1m[36mprimary::SchemaMigration Create (0.2ms)[0m  [1m[32mINSERT INTO "schema_migrations" ("version") VALUES (?)[0m  [["version", "20200618183123"]]
  [1m[35m (1.5ms)[0m  [1m[36mcommit transaction[0m
  [1m[36mActiveRecord::InternalMetadata Load (0.4ms)[0m  [1m[34mSELECT "ar_internal_metadata".* FROM "ar_internal_metadata" WHERE "ar_internal_metadata"."key" = ? LIMIT ?[0m  [["key", "environment"], ["LIMIT", 1]]
  [1m[35m (0.1ms)[0m  [1m[34mSELECT sqlite_version(*)[0m
  [1m[35m (0.2ms)[0m  [1m[34mSELECT "schema_migrations"."version" FROM "schema_migrations" ORDER BY "schema_migrations"."version" ASC[0m
  [1m[35m (0.5ms)[0m  [1m[34mSELECT sqlite_version(*)[0m
  [1m[35m (0.5ms)[0m  [1m[34mSELECT sqlite_version(*)[0m
  [1m[35m (0.5ms)[0m  [1m[34mSELECT sqlite_version(*)[0m
  [1m[35m (0.5ms)[0m  [1m[34mSELECT sqlite_version(*)[0m
  [1m[35m (0.5ms)[0m  [1m[34mSELECT sqlite_version(*)[0m
  [1m[35m (0.2ms)[0m  [1m[34mSELECT "schema_migrations"."version" FROM "schema_migrations" ORDER BY "schema_migrations"."version" ASC[0m
  [1m[35m (0.4ms)[0m  [1m[34mSELECT sqlite_version(*)[0m
  [1m[35m (0.1ms)[0m  [1m[34mSELECT "schema_migrations"."version" FROM "schema_migrations" ORDER BY "schema_migrations"."version" ASC[0m
  [1m[35m (0.1ms)[0m  [1m[34mSELECT sqlite_version(*)[0m
  [1m[35m (0.1ms)[0m  [1m[36mbegin transaction[0m
  [1m[36mProject Exists? (0.2ms)[0m  [1m[34mSELECT 1 AS one FROM "projects" WHERE "projects"."title" = ? LIMIT ?[0m  [["title", "Clickyz"], ["LIMIT", 1]]
  [1m[36mProject Create (0.5ms)[0m  [1m[32mINSERT INTO "projects" ("title", "description", "img", "github", "heroku") VALUES (?, ?, ?, ?, ?)[0m  [["title", "Clickyz"], ["description", "Interactive mechanical keyboard editor. Made using a custom 3D keyboard model and p5.js for interactivity."], ["img", ""], ["github", "https://github.com/SenseiCain/clickyz"], ["heroku", ""]]
  [1m[35m (20.2ms)[0m  [1m[36mcommit transaction[0m
  [1m[35m (0.6ms)[0m  [1m[34mSELECT sqlite_version(*)[0m
  [1m[36mProject Load (0.2ms)[0m  [1m[34mSELECT "projects".* FROM "projects" ORDER BY "projects"."id" ASC LIMIT ?[0m  [["LIMIT", 1]]
  [1m[36mProject Load (0.3ms)[0m  [1m[34mSELECT "projects".* FROM "projects" ORDER BY "projects"."id" ASC LIMIT ?[0m  [["LIMIT", 1]]
  [1m[36mTechnology Load (0.2ms)[0m  [1m[34mSELECT "technologies".* FROM "technologies" WHERE "technologies"."project_id" = ? LIMIT ?[0m  [["project_id", "1"], ["LIMIT", 11]]
  [1m[35m (1.0ms)[0m  [1m[34mSELECT sqlite_version(*)[0m
  [1m[35m (0.2ms)[0m  [1m[34mSELECT "schema_migrations"."version" FROM "schema_migrations" ORDER BY "schema_migrations"."version" ASC[0m
  [1m[35m (0.1ms)[0m  [1m[34mSELECT sqlite_version(*)[0m
  [1m[35m (0.1ms)[0m  [1m[36mbegin transaction[0m
  [1m[36mProject Exists? (0.2ms)[0m  [1m[34mSELECT 1 AS one FROM "projects" WHERE "projects"."title" = ? LIMIT ?[0m  [["title", "Clickyz"], ["LIMIT", 1]]
  [1m[35m (0.2ms)[0m  [1m[31mrollback transaction[0m
  [1m[35m (1.3ms)[0m  [1m[36mbegin transaction[0m
  [1m[36mProject Exists? (0.2ms)[0m  [1m[34mSELECT 1 AS one FROM "projects" WHERE "projects"."title" = ? LIMIT ?[0m  [["title", "Clickyz"], ["LIMIT", 1]]
  [1m[35m (0.1ms)[0m  [1m[31mrollback transaction[0m
  [1m[35m (0.5ms)[0m  [1m[34mSELECT sqlite_version(*)[0m
  [1m[36mProject Load (0.3ms)[0m  [1m[34mSELECT "projects".* FROM "projects" ORDER BY "projects"."id" ASC LIMIT ?[0m  [["LIMIT", 1]]
  [1m[36mTechnology Load (0.2ms)[0m  [1m[34mSELECT "technologies".* FROM "technologies" WHERE "technologies"."project_id" = ? LIMIT ?[0m  [["project_id", "1"], ["LIMIT", 11]]
  [1m[35m (0.3ms)[0m  [1m[34mSELECT COUNT(*) FROM "projects"[0m
  [1m[36mProject Load (0.3ms)[0m  [1m[34mSELECT "projects".* FROM "projects" ORDER BY "projects"."id" ASC LIMIT ?[0m  [["LIMIT", 1]]
  [1m[36mTechnology Load (0.2ms)[0m  [1m[34mSELECT "technologies".* FROM "technologies" WHERE "technologies"."project_id" = ? LIMIT ?[0m  [["project_id", "1"], ["LIMIT", 11]]
  [1m[36mTechnology Load (0.3ms)[0m  [1m[34mSELECT "technologies".* FROM "technologies" WHERE "technologies"."project_id" = ?[0m  [["project_id", "1"]]
  [1m[35m (0.1ms)[0m  [1m[36mbegin transaction[0m
  [1m[36mProject Exists? (0.3ms)[0m  [1m[34mSELECT 1 AS one FROM "projects" WHERE "projects"."title" = ? AND "projects"."id" != ? LIMIT ?[0m  [["title", "Clickyz"], ["id", 1], ["LIMIT", 1]]
  [1m[36mTechnology Create (0.6ms)[0m  [1m[32mINSERT INTO "technologies" ("title", "project_id") VALUES (?, ?)[0m  [["title", "Sinatra"], ["project_id", "1"]]
  [1m[36mTechnology Create (0.1ms)[0m  [1m[32mINSERT INTO "technologies" ("title", "project_id") VALUES (?, ?)[0m  [["title", "WEBGL"], ["project_id", "1"]]
  [1m[36mTechnology Create (0.1ms)[0m  [1m[32mINSERT INTO "technologies" ("title", "project_id") VALUES (?, ?)[0m  [["title", "p5.js"], ["project_id", "1"]]
  [1m[36mTechnology Create (0.1ms)[0m  [1m[32mINSERT INTO "technologies" ("title", "project_id") VALUES (?, ?)[0m  [["title", "Google Cloud"], ["project_id", "1"]]
  [1m[35m (2.0ms)[0m  [1m[36mcommit transaction[0m
  [1m[36mProject Load (0.3ms)[0m  [1m[34mSELECT "projects".* FROM "projects" ORDER BY "projects"."id" ASC LIMIT ?[0m  [["LIMIT", 1]]
  [1m[36mTechnology Load (0.2ms)[0m  [1m[34mSELECT "technologies".* FROM "technologies" WHERE "technologies"."project_id" = ? LIMIT ?[0m  [["project_id", "1"], ["LIMIT", 11]]
  [1m[36mTechnology Load (0.4ms)[0m  [1m[34mSELECT "technologies".* FROM "technologies" LIMIT ?[0m  [["LIMIT", 11]]
  [1m[35m (0.6ms)[0m  [1m[34mSELECT sqlite_version(*)[0m
  [1m[35m (0.2ms)[0m  [1m[34mSELECT "schema_migrations"."version" FROM "schema_migrations" ORDER BY "schema_migrations"."version" ASC[0m
  [1m[35m (0.1ms)[0m  [1m[34mSELECT sqlite_version(*)[0m
  [1m[35m (0.1ms)[0m  [1m[36mbegin transaction[0m
  [1m[36mProject Exists? (0.3ms)[0m  [1m[34mSELECT 1 AS one FROM "projects" WHERE "projects"."title" = ? LIMIT ?[0m  [["title", "Clickyz"], ["LIMIT", 1]]
  [1m[35m (0.1ms)[0m  [1m[31mrollback transaction[0m
  [1m[35m (0.1ms)[0m  [1m[36mbegin transaction[0m
  [1m[36mProject Exists? (0.2ms)[0m  [1m[34mSELECT 1 AS one FROM "projects" WHERE "projects"."title" = ? LIMIT ?[0m  [["title", "Clickyz"], ["LIMIT", 1]]
  [1m[35m (0.1ms)[0m  [1m[31mrollback transaction[0m
  [1m[35m (0.1ms)[0m  [1m[36mbegin transaction[0m
  [1m[36mProject Exists? (0.2ms)[0m  [1m[34mSELECT 1 AS one FROM "projects" WHERE "projects"."title" = ? LIMIT ?[0m  [["title", "HearthStone Deck Builder"], ["LIMIT", 1]]
  [1m[36mProject Create (0.5ms)[0m  [1m[32mINSERT INTO "projects" ("title", "description", "img", "github", "heroku") VALUES (?, ?, ?, ?, ?)[0m  [["title", "HearthStone Deck Builder"], ["description", "SPA deck building application referencing a personal API, which is sourcing data from a community API."], ["img", "https://raw.githubusercontent.com/SenseiCain/hearthstone-deck-builder/master/screenshot.png"], ["github", "https://github.com/SenseiCain/hearthstone-deck-builder"], ["heroku", ""]]
  [1m[35m (2.2ms)[0m  [1m[36mcommit transaction[0m
  [1m[35m (0.1ms)[0m  [1m[36mbegin transaction[0m
  [1m[36mProject Exists? (0.3ms)[0m  [1m[34mSELECT 1 AS one FROM "projects" WHERE "projects"."title" = ? AND "projects"."id" != ? LIMIT ?[0m  [["title", "HearthStone Deck Builder"], ["id", 2], ["LIMIT", 1]]
  [1m[36mTechnology Create (0.3ms)[0m  [1m[32mINSERT INTO "technologies" ("title", "project_id") VALUES (?, ?)[0m  [["title", "OO JS"], ["project_id", "2"]]
  [1m[36mTechnology Create (0.1ms)[0m  [1m[32mINSERT INTO "technologies" ("title", "project_id") VALUES (?, ?)[0m  [["title", "fetch API"], ["project_id", "2"]]
  [1m[36mTechnology Create (0.1ms)[0m  [1m[32mINSERT INTO "technologies" ("title", "project_id") VALUES (?, ?)[0m  [["title", "SPA"], ["project_id", "2"]]
  [1m[35m (1.9ms)[0m  [1m[36mcommit transaction[0m
  [1m[35m (0.6ms)[0m  [1m[34mSELECT sqlite_version(*)[0m
  [1m[36mProject Load (0.3ms)[0m  [1m[34mSELECT "projects".* FROM "projects" WHERE "projects"."id" = ? LIMIT ?[0m  [["id", 2], ["LIMIT", 1]]
  [1m[35m (0.3ms)[0m  [1m[34mSELECT COUNT(*) FROM "projects"[0m
  [1m[36mProject Load (0.3ms)[0m  [1m[34mSELECT "projects".* FROM "projects" WHERE "projects"."id" = ? LIMIT ?[0m  [["id", 2], ["LIMIT", 1]]
  [1m[36mTechnology Load (0.2ms)[0m  [1m[34mSELECT "technologies".* FROM "technologies" WHERE "technologies"."project_id" = ? LIMIT ?[0m  [["project_id", "2"], ["LIMIT", 11]]
  [1m[35m (0.5ms)[0m  [1m[34mSELECT sqlite_version(*)[0m
  [1m[35m (0.1ms)[0m  [1m[34mSELECT "schema_migrations"."version" FROM "schema_migrations" ORDER BY "schema_migrations"."version" ASC[0m
  [1m[35m (0.1ms)[0m  [1m[34mSELECT sqlite_version(*)[0m
  [1m[35m (0.1ms)[0m  [1m[36mbegin transaction[0m
  [1m[36mProject Exists? (0.2ms)[0m  [1m[34mSELECT 1 AS one FROM "projects" WHERE "projects"."title" = ? LIMIT ?[0m  [["title", "Clickyz"], ["LIMIT", 1]]
  [1m[35m (0.1ms)[0m  [1m[31mrollback transaction[0m
  [1m[35m (0.1ms)[0m  [1m[36mbegin transaction[0m
  [1m[36mProject Exists? (0.2ms)[0m  [1m[34mSELECT 1 AS one FROM "projects" WHERE "projects"."title" = ? LIMIT ?[0m  [["title", "Clickyz"], ["LIMIT", 1]]
  [1m[35m (0.1ms)[0m  [1m[31mrollback transaction[0m
  [1m[35m (0.1ms)[0m  [1m[36mbegin transaction[0m
  [1m[36mProject Exists? (0.2ms)[0m  [1m[34mSELECT 1 AS one FROM "projects" WHERE "projects"."title" = ? LIMIT ?[0m  [["title", "HearthStone Deck Builder"], ["LIMIT", 1]]
  [1m[35m (0.1ms)[0m  [1m[31mrollback transaction[0m
  [1m[35m (0.1ms)[0m  [1m[36mbegin transaction[0m
  [1m[36mProject Exists? (0.2ms)[0m  [1m[34mSELECT 1 AS one FROM "projects" WHERE "projects"."title" = ? LIMIT ?[0m  [["title", "HearthStone Deck Builder"], ["LIMIT", 1]]
  [1m[35m (0.1ms)[0m  [1m[31mrollback transaction[0m
  [1m[35m (0.1ms)[0m  [1m[36mbegin transaction[0m
  [1m[36mProject Exists? (0.2ms)[0m  [1m[34mSELECT 1 AS one FROM "projects" WHERE "projects"."title" = ? LIMIT ?[0m  [["title", "Sidetrack"], ["LIMIT", 1]]
  [1m[36mProject Create (0.5ms)[0m  [1m[32mINSERT INTO "projects" ("title", "description", "img", "github", "heroku") VALUES (?, ?, ?, ?, ?)[0m  [["title", "Sidetrack"], ["description", "Server side rendered Reddit clone. This was a Flatiron project demonstrating key Rails fundamentals."], ["img", ""], ["github", "https://github.com/SenseiCain/sidetrack"], ["heroku", ""]]
  [1m[35m (2.4ms)[0m  [1m[36mcommit transaction[0m
  [1m[35m (0.0ms)[0m  [1m[36mbegin transaction[0m
  [1m[36mProject Exists? (0.1ms)[0m  [1m[34mSELECT 1 AS one FROM "projects" WHERE "projects"."title" = ? AND "projects"."id" != ? LIMIT ?[0m  [["title", "Sidetrack"], ["id", 3], ["LIMIT", 1]]
  [1m[36mTechnology Create (0.4ms)[0m  [1m[32mINSERT INTO "technologies" ("title", "project_id") VALUES (?, ?)[0m  [["title", "MVC"], ["project_id", "3"]]
  [1m[36mTechnology Create (0.2ms)[0m  [1m[32mINSERT INTO "technologies" ("title", "project_id") VALUES (?, ?)[0m  [["title", "ORM"], ["project_id", "3"]]
  [1m[36mTechnology Create (0.2ms)[0m  [1m[32mINSERT INTO "technologies" ("title", "project_id") VALUES (?, ?)[0m  [["title", "Omniauth"], ["project_id", "3"]]
  [1m[35m (2.1ms)[0m  [1m[36mcommit transaction[0m
  [1m[35m (0.5ms)[0m  [1m[34mSELECT sqlite_version(*)[0m
  [1m[35m (0.1ms)[0m  [1m[34mSELECT COUNT(*) FROM "projects"[0m
  [1m[36mProject Load (0.3ms)[0m  [1m[34mSELECT "projects".* FROM "projects" WHERE "projects"."id" = ? LIMIT ?[0m  [["id", 3], ["LIMIT", 1]]
  [1m[36mProject Load (0.3ms)[0m  [1m[34mSELECT "projects".* FROM "projects" WHERE "projects"."id" = ? LIMIT ?[0m  [["id", 3], ["LIMIT", 1]]
  [1m[36mTechnology Load (0.2ms)[0m  [1m[34mSELECT "technologies".* FROM "technologies" WHERE "technologies"."project_id" = ? LIMIT ?[0m  [["project_id", "3"], ["LIMIT", 11]]
Started GET "/projects" for ::1 at 2020-06-18 13:59:26 -0500
  [1m[35m (0.6ms)[0m  [1m[34mSELECT sqlite_version(*)[0m
  [1m[35m (0.2ms)[0m  [1m[34mSELECT "schema_migrations"."version" FROM "schema_migrations" ORDER BY "schema_migrations"."version" ASC[0m
Processing by ProjectsController#index as */*
  [1m[36mProject Load (0.3ms)[0m  [1m[34mSELECT "projects".* FROM "projects"[0m
  ↳ app/controllers/ProjectsController.rb:4:in `index'
Completed 200 OK in 68ms (Views: 59.6ms | ActiveRecord: 1.6ms | Allocations: 6680)


Started GET "/favicon.ico" for 127.0.0.1 at 2020-06-18 14:14:58 -0500
  [1m[35m (2.7ms)[0m  [1m[34mSELECT sqlite_version(*)[0m
  [1m[35m (0.4ms)[0m  [1m[34mSELECT "schema_migrations"."version" FROM "schema_migrations" ORDER BY "schema_migrations"."version" ASC[0m
  
ActionController::RoutingError (No route matches [GET] "/favicon.ico"):
  
actionpack (6.0.3.2) lib/action_dispatch/middleware/debug_exceptions.rb:36:in `call'
actionpack (6.0.3.2) lib/action_dispatch/middleware/show_exceptions.rb:33:in `call'
railties (6.0.3.2) lib/rails/rack/logger.rb:37:in `call_app'
railties (6.0.3.2) lib/rails/rack/logger.rb:26:in `block in call'
activesupport (6.0.3.2) lib/active_support/tagged_logging.rb:80:in `block in tagged'
activesupport (6.0.3.2) lib/active_support/tagged_logging.rb:28:in `tagged'
activesupport (6.0.3.2) lib/active_support/tagged_logging.rb:80:in `tagged'
railties (6.0.3.2) lib/rails/rack/logger.rb:26:in `call'
actionpack (6.0.3.2) lib/action_dispatch/middleware/remote_ip.rb:81:in `call'
actionpack (6.0.3.2) lib/action_dispatch/middleware/request_id.rb:27:in `call'
rack (2.2.3) lib/rack/runtime.rb:22:in `call'
activesupport (6.0.3.2) lib/active_support/cache/strategy/local_cache_middleware.rb:29:in `call'
actionpack (6.0.3.2) lib/action_dispatch/middleware/executor.rb:14:in `call'
actionpack (6.0.3.2) lib/action_dispatch/middleware/static.rb:126:in `call'
rack (2.2.3) lib/rack/sendfile.rb:110:in `call'
actionpack (6.0.3.2) lib/action_dispatch/middleware/host_authorization.rb:82:in `call'
railties (6.0.3.2) lib/rails/engine.rb:527:in `call'
puma (4.3.5) lib/puma/configuration.rb:228:in `call'
puma (4.3.5) lib/puma/server.rb:713:in `handle_request'
puma (4.3.5) lib/puma/server.rb:472:in `process_client'
puma (4.3.5) lib/puma/server.rb:328:in `block in run'
puma (4.3.5) lib/puma/thread_pool.rb:134:in `block in spawn_thread'
Started GET "/api/projects" for 127.0.0.1 at 2020-06-18 14:16:41 -0500
  
ActionController::RoutingError (No route matches [GET] "/api/projects"):
  
actionpack (6.0.3.2) lib/action_dispatch/middleware/debug_exceptions.rb:36:in `call'
actionpack (6.0.3.2) lib/action_dispatch/middleware/show_exceptions.rb:33:in `call'
railties (6.0.3.2) lib/rails/rack/logger.rb:37:in `call_app'
railties (6.0.3.2) lib/rails/rack/logger.rb:26:in `block in call'
activesupport (6.0.3.2) lib/active_support/tagged_logging.rb:80:in `block in tagged'
activesupport (6.0.3.2) lib/active_support/tagged_logging.rb:28:in `tagged'
activesupport (6.0.3.2) lib/active_support/tagged_logging.rb:80:in `tagged'
railties (6.0.3.2) lib/rails/rack/logger.rb:26:in `call'
actionpack (6.0.3.2) lib/action_dispatch/middleware/remote_ip.rb:81:in `call'
actionpack (6.0.3.2) lib/action_dispatch/middleware/request_id.rb:27:in `call'
rack (2.2.3) lib/rack/runtime.rb:22:in `call'
activesupport (6.0.3.2) lib/active_support/cache/strategy/local_cache_middleware.rb:29:in `call'
actionpack (6.0.3.2) lib/action_dispatch/middleware/executor.rb:14:in `call'
actionpack (6.0.3.2) lib/action_dispatch/middleware/static.rb:126:in `call'
rack (2.2.3) lib/rack/sendfile.rb:110:in `call'
actionpack (6.0.3.2) lib/action_dispatch/middleware/host_authorization.rb:82:in `call'
railties (6.0.3.2) lib/rails/engine.rb:527:in `call'
puma (4.3.5) lib/puma/configuration.rb:228:in `call'
puma (4.3.5) lib/puma/server.rb:713:in `handle_request'
puma (4.3.5) lib/puma/server.rb:472:in `process_client'
puma (4.3.5) lib/puma/server.rb:328:in `block in run'
puma (4.3.5) lib/puma/thread_pool.rb:134:in `block in spawn_thread'
Started GET "/projects" for ::1 at 2020-06-18 14:19:48 -0500
Processing by ProjectsController#index as HTML
  [1m[36mProject Load (8.1ms)[0m  [1m[34mSELECT "projects".* FROM "projects"[0m
  ↳ app/controllers/ProjectsController.rb:4:in `index'
Completed 200 OK in 54ms (Views: 10.6ms | ActiveRecord: 8.9ms | Allocations: 6808)


Started GET "/favicon.ico" for ::1 at 2020-06-18 14:19:48 -0500
  
ActionController::RoutingError (No route matches [GET] "/favicon.ico"):
  
actionpack (6.0.3.2) lib/action_dispatch/middleware/debug_exceptions.rb:36:in `call'
actionpack (6.0.3.2) lib/action_dispatch/middleware/show_exceptions.rb:33:in `call'
railties (6.0.3.2) lib/rails/rack/logger.rb:37:in `call_app'
railties (6.0.3.2) lib/rails/rack/logger.rb:26:in `block in call'
activesupport (6.0.3.2) lib/active_support/tagged_logging.rb:80:in `block in tagged'
activesupport (6.0.3.2) lib/active_support/tagged_logging.rb:28:in `tagged'
activesupport (6.0.3.2) lib/active_support/tagged_logging.rb:80:in `tagged'
railties (6.0.3.2) lib/rails/rack/logger.rb:26:in `call'
actionpack (6.0.3.2) lib/action_dispatch/middleware/remote_ip.rb:81:in `call'
actionpack (6.0.3.2) lib/action_dispatch/middleware/request_id.rb:27:in `call'
rack (2.2.3) lib/rack/runtime.rb:22:in `call'
activesupport (6.0.3.2) lib/active_support/cache/strategy/local_cache_middleware.rb:29:in `call'
actionpack (6.0.3.2) lib/action_dispatch/middleware/executor.rb:14:in `call'
actionpack (6.0.3.2) lib/action_dispatch/middleware/static.rb:126:in `call'
rack (2.2.3) lib/rack/sendfile.rb:110:in `call'
actionpack (6.0.3.2) lib/action_dispatch/middleware/host_authorization.rb:82:in `call'
railties (6.0.3.2) lib/rails/engine.rb:527:in `call'
puma (4.3.5) lib/puma/configuration.rb:228:in `call'
puma (4.3.5) lib/puma/server.rb:713:in `handle_request'
puma (4.3.5) lib/puma/server.rb:472:in `process_client'
puma (4.3.5) lib/puma/server.rb:328:in `block in run'
puma (4.3.5) lib/puma/thread_pool.rb:134:in `block in spawn_thread'
Started GET "/projects" for ::1 at 2020-06-18 14:36:27 -0500
  [1m[35m (29.3ms)[0m  [1m[34mSELECT sqlite_version(*)[0m
  [1m[35m (1.9ms)[0m  [1m[34mSELECT "schema_migrations"."version" FROM "schema_migrations" ORDER BY "schema_migrations"."version" ASC[0m
Processing by ProjectsController#index as */*
  [1m[36mProject Load (0.8ms)[0m  [1m[34mSELECT "projects".* FROM "projects"[0m
  ↳ app/controllers/ProjectsController.rb:4:in `index'
Completed 200 OK in 48ms (Views: 26.2ms | ActiveRecord: 1.8ms | Allocations: 6678)


